e:\project\vsproject\penguin\output\obj\x64\debug\vc140.pdb
e:\project\vsproject\penguin\output\obj\x64\debug\vc140.idb
e:\project\vsproject\penguin\output\obj\x64\debug\aggregate.obj
e:\project\vsproject\penguin\output\obj\x64\debug\intersectinfo.obj
e:\project\vsproject\penguin\output\obj\x64\debug\lodepng.obj
e:\project\vsproject\penguin\output\obj\x64\debug\main.obj
e:\project\vsproject\penguin\output\obj\x64\debug\mat4.obj
e:\project\vsproject\penguin\output\obj\x64\debug\pg_utility.obj
e:\project\vsproject\penguin\output\obj\x64\debug\ray.obj
e:\project\vsproject\penguin\output\obj\x64\debug\scene.obj
e:\project\vsproject\penguin\output\obj\x64\debug\surface.obj
e:\project\vsproject\penguin\output\obj\x64\debug\sphere.obj
e:\project\vsproject\penguin\output\obj\x64\debug\vector3f.obj
e:\project\vsproject\penguin\output\obj\x64\debug\camera.obj
e:\project\vsproject\penguin\output\x64\debug\penguin.ilk
e:\project\vsproject\penguin\output\x64\debug\penguin.exe
e:\project\vsproject\penguin\output\x64\debug\penguin.pdb
e:\project\vsproject\penguin\output\obj\x64\debug\penguin.tlog\cl.command.1.tlog
e:\project\vsproject\penguin\output\obj\x64\debug\penguin.tlog\cl.read.1.tlog
e:\project\vsproject\penguin\output\obj\x64\debug\penguin.tlog\cl.write.1.tlog
e:\project\vsproject\penguin\output\obj\x64\debug\penguin.tlog\link.16532-cvtres.read.1.tlog
e:\project\vsproject\penguin\output\obj\x64\debug\penguin.tlog\link.16532-cvtres.write.1.tlog
e:\project\vsproject\penguin\output\obj\x64\debug\penguin.tlog\link.16532-rc.read.1.tlog
e:\project\vsproject\penguin\output\obj\x64\debug\penguin.tlog\link.16532-rc.write.1.tlog
e:\project\vsproject\penguin\output\obj\x64\debug\penguin.tlog\link.16532.read.1.tlog
e:\project\vsproject\penguin\output\obj\x64\debug\penguin.tlog\link.16532.write.1.tlog
e:\project\vsproject\penguin\output\obj\x64\debug\penguin.tlog\link.command.1.tlog
e:\project\vsproject\penguin\output\obj\x64\debug\penguin.tlog\link.read.1.tlog
e:\project\vsproject\penguin\output\obj\x64\debug\penguin.tlog\link.write.1.tlog
